<?xml version="1.0" encoding="UTF-8"?>
<!-- Generated by org.testng.reporters.JUnitReportReporter -->
<testsuite hostname="DESKTOP-B371L1B" failures="0" tests="1" name="DataBaseTesting.DataBaseTesting" time="1.698" errors="0" timestamp="2024-01-18T18:26:52 IST" skipped="0">
  <testcase classname="DataBaseTesting.DataBaseTesting" name="datatest" time="1.698"/>
  <system-out/>
</testsuite> <!-- DataBaseTesting.DataBaseTesting -->
