<?xml version="1.0" encoding="UTF-8"?>
<!-- Generated by org.testng.reporters.JUnitReportReporter -->
<testsuite hostname="DESKTOP-B371L1B" failures="0" tests="7" name="nopCom.LoginTest" time="19.487" errors="0" timestamp="2024-01-18T18:21:12 IST" skipped="0">
  <testcase classname="nopCom.LoginTest" name="loginTestValids" time="4.209"/>
  <system-out/>
  <testcase classname="nopCom.LoginTest" name="loginTestValids" time="6.712"/>
  <system-out/>
  <testcase classname="nopCom.LoginTest" name="PasswordFieldDisplayedValidtion" time="0.052"/>
  <system-out/>
  <testcase classname="nopCom.LoginTest" name="loginTestValids" time="4.193"/>
  <system-out/>
  <testcase classname="nopCom.LoginTest" name="LogInBtnDisplayValidtion" time="0.080"/>
  <system-out/>
  <testcase classname="nopCom.LoginTest" name="EmailFieldDisplayedValidation" time="0.078"/>
  <system-out/>
  <testcase classname="nopCom.LoginTest" name="loginTestValids" time="4.163"/>
  <system-out/>
</testsuite> <!-- nopCom.LoginTest -->
