<?xml version="1.0" encoding="UTF-8"?>
<!-- Generated by org.testng.reporters.JUnitReportReporter -->
<testsuite hostname="DESKTOP-B371L1B" failures="0" tests="1" name="nopCom.R" time="0.310" errors="0" timestamp="2023-12-25T15:16:42 IST" skipped="0">
  <testcase classname="nopCom.R" name="PasswordFieldValidation" time="0.310"/>
  <system-out/>
</testsuite> <!-- nopCom.R -->
