<?xml version="1.0" encoding="UTF-8"?>
<!-- Generated by org.testng.reporters.JUnitReportReporter -->
<testsuite hostname="DESKTOP-B371L1B" failures="0" tests="1" name="nopCom.ksks" time="4.683" errors="0" timestamp="2024-01-02T14:58:36 IST" skipped="0">
  <testcase classname="nopCom.ksks" name="searchProduct" time="4.683"/>
  <system-out/>
</testsuite> <!-- nopCom.ksks -->
