<?xml version="1.0" encoding="UTF-8"?>
<!-- Generated by org.testng.reporters.JUnitReportReporter -->
<testsuite hostname="DESKTOP-B371L1B" failures="0" tests="1" name="DataBaseTesting.DataCoparisionWithoutDataProvider" time="1.660" errors="0" timestamp="2024-01-18T18:28:08 IST" skipped="0">
  <testcase classname="DataBaseTesting.DataCoparisionWithoutDataProvider" name="datatest" time="1.660"/>
  <system-out/>
</testsuite> <!-- DataBaseTesting.DataCoparisionWithoutDataProvider -->
