<?xml version="1.0" encoding="UTF-8"?>
<!-- Generated by org.testng.reporters.JUnitReportReporter -->
<testsuite hostname="DESKTOP-B371L1B" failures="0" tests="16" name="nopCom.AddProdcutPageTest" time="131.849" errors="0" timestamp="2024-01-18T18:21:12 IST" skipped="0">
  <testcase classname="nopCom.AddProdcutPageTest" name="EmailBtnClickValidation" time="3.509"/>
  <system-out/>
  <testcase classname="nopCom.AddProdcutPageTest" name="EnterTheQuantity" time="2.788"/>
  <system-out/>
  <testcase classname="nopCom.AddProdcutPageTest" name="SelectOsVistaHomeValidation" time="10.229"/>
  <system-out/>
  <testcase classname="nopCom.AddProdcutPageTest" name="AddToWishListValidation" time="3.952"/>
  <system-out/>
  <testcase classname="nopCom.AddProdcutPageTest" name="SelectSofAcrobatReaderValidation" time="10.059"/>
  <system-out/>
  <testcase classname="nopCom.AddProdcutPageTest" name="SelectSofTotalComanderValidation" time="11.093"/>
  <system-out/>
  <testcase classname="nopCom.AddProdcutPageTest" name="SelectOsPremiumHomeValidation" time="10.445"/>
  <system-out/>
  <testcase classname="nopCom.AddProdcutPageTest" name="SelectHDD400GBValidation" time="9.855"/>
  <system-out/>
  <testcase classname="nopCom.AddProdcutPageTest" name="SelectProce25GHzValidation" time="9.075"/>
  <system-out/>
  <testcase classname="nopCom.AddProdcutPageTest" name="AddToCartValidation" time="4.200"/>
  <system-out/>
  <testcase classname="nopCom.AddProdcutPageTest" name="SelectRam4GBValidation" time="8.597"/>
  <system-out/>
  <testcase classname="nopCom.AddProdcutPageTest" name="SelectRam2GBValidation" time="10.600"/>
  <system-out/>
  <testcase classname="nopCom.AddProdcutPageTest" name="SelectHDD320GBValidation" time="9.929"/>
  <system-out/>
  <testcase classname="nopCom.AddProdcutPageTest" name="SelectSofMicOfficeValidation" time="10.180"/>
  <system-out/>
  <testcase classname="nopCom.AddProdcutPageTest" name="SelectRam8GBValidation" time="8.999"/>
  <system-out/>
  <testcase classname="nopCom.AddProdcutPageTest" name="SelectProce22GHzValidation" time="8.339"/>
  <system-out/>
</testsuite> <!-- nopCom.AddProdcutPageTest -->
