<?xml version="1.0" encoding="UTF-8"?>
<!-- Generated by org.testng.reporters.JUnitReportReporter -->
<testsuite hostname="DESKTOP-B371L1B" failures="0" tests="7" name="nopCom.RegPageTest" time="42.266" errors="0" timestamp="2024-02-02T00:05:34 IST" skipped="0">
  <testcase classname="nopCom.RegPageTest" name="RegTest" time="6.668"/>
  <system-out/>
  <testcase classname="nopCom.RegPageTest" name="RegTest" time="6.114"/>
  <system-out/>
  <testcase classname="nopCom.RegPageTest" name="RegTest" time="4.946"/>
  <system-out/>
  <testcase classname="nopCom.RegPageTest" name="RegTest" time="6.432"/>
  <system-out/>
  <testcase classname="nopCom.RegPageTest" name="RegTest" time="6.245"/>
  <system-out/>
  <testcase classname="nopCom.RegPageTest" name="RegTest" time="6.550"/>
  <system-out/>
  <testcase classname="nopCom.RegPageTest" name="RegTest" time="5.311"/>
  <system-out/>
</testsuite> <!-- nopCom.RegPageTest -->
