<?xml version="1.0" encoding="UTF-8"?>
<!-- Generated by org.testng.reporters.JUnitReportReporter -->
<testsuite hostname="DESKTOP-B371L1B" failures="0" tests="1" name="DataBaseTesting.DataBaseTestingClass" time="1.711" errors="0" timestamp="2024-02-02T22:26:07 IST" skipped="0">
  <testcase classname="DataBaseTesting.DataBaseTestingClass" name="datatest" time="1.711"/>
  <system-out/>
</testsuite> <!-- DataBaseTesting.DataBaseTestingClass -->
