<?xml version="1.0" encoding="UTF-8"?>
<!-- Generated by org.testng.reporters.JUnitReportReporter -->
<testsuite hostname="DESKTOP-B371L1B" failures="0" tests="7" name="nopCom.RegPageTest" time="45.086" errors="0" timestamp="2024-01-18T18:21:12 IST" skipped="0">
  <testcase classname="nopCom.RegPageTest" name="RegTest" time="5.368"/>
  <system-out/>
  <testcase classname="nopCom.RegPageTest" name="RegTest" time="7.091"/>
  <system-out/>
  <testcase classname="nopCom.RegPageTest" name="RegTest" time="6.800"/>
  <system-out/>
  <testcase classname="nopCom.RegPageTest" name="RegTest" time="7.087"/>
  <system-out/>
  <testcase classname="nopCom.RegPageTest" name="RegTest" time="5.701"/>
  <system-out/>
  <testcase classname="nopCom.RegPageTest" name="RegTest" time="6.375"/>
  <system-out/>
  <testcase classname="nopCom.RegPageTest" name="RegTest" time="6.664"/>
  <system-out/>
</testsuite> <!-- nopCom.RegPageTest -->
