<?xml version="1.0" encoding="UTF-8"?>
<!-- Generated by org.testng.reporters.JUnitReportReporter -->
<testsuite hostname="DESKTOP-B371L1B" failures="0" tests="7" name="nopCom.LoginTest" time="21.066" errors="0" timestamp="2024-01-24T17:43:21 IST" skipped="0">
  <testcase classname="nopCom.LoginTest" name="PasswordFieldDisplayedValidtion" time="0.055"/>
  <system-out/>
  <testcase classname="nopCom.LoginTest" name="loginTestValids" time="4.306"/>
  <system-out/>
  <testcase classname="nopCom.LoginTest" name="EmailFieldDisplayedValidation" time="0.090"/>
  <system-out/>
  <testcase classname="nopCom.LoginTest" name="loginTestValids" time="4.465"/>
  <system-out/>
  <testcase classname="nopCom.LoginTest" name="loginTestValids" time="4.600"/>
  <system-out/>
  <testcase classname="nopCom.LoginTest" name="LogInBtnDisplayValidtion" time="0.113"/>
  <system-out/>
  <testcase classname="nopCom.LoginTest" name="loginTestValids" time="7.437"/>
  <system-out/>
</testsuite> <!-- nopCom.LoginTest -->
