<?xml version="1.0" encoding="UTF-8"?>
<!-- Generated by org.testng.reporters.JUnitReportReporter -->
<testsuite hostname="DESKTOP-B371L1B" failures="0" tests="1" name="nopCom.proSearchTest" time="17.189" errors="0" timestamp="2024-01-13T13:00:12 IST" skipped="0">
  <testcase classname="nopCom.proSearchTest" name="SelectProce22GHzValidation" time="17.189"/>
  <system-out/>
</testsuite> <!-- nopCom.proSearchTest -->
