<?xml version="1.0" encoding="UTF-8"?>
<!-- Generated by org.testng.reporters.JUnitReportReporter -->
<testsuite hostname="DESKTOP-B371L1B" failures="0" tests="16" name="nopCom.AddProdcutPageTest" time="144.938" errors="0" timestamp="2024-01-24T17:43:21 IST" skipped="0">
  <testcase classname="nopCom.AddProdcutPageTest" name="SelectHDD320GBValidation" time="10.875"/>
  <system-out/>
  <testcase classname="nopCom.AddProdcutPageTest" name="SelectHDD400GBValidation" time="10.512"/>
  <system-out/>
  <testcase classname="nopCom.AddProdcutPageTest" name="SelectProce22GHzValidation" time="8.694"/>
  <system-out/>
  <testcase classname="nopCom.AddProdcutPageTest" name="AddToWishListValidation" time="4.576"/>
  <system-out/>
  <testcase classname="nopCom.AddProdcutPageTest" name="AddToCartValidation" time="5.828"/>
  <system-out/>
  <testcase classname="nopCom.AddProdcutPageTest" name="SelectOsPremiumHomeValidation" time="11.976"/>
  <system-out/>
  <testcase classname="nopCom.AddProdcutPageTest" name="EmailBtnClickValidation" time="4.363"/>
  <system-out/>
  <testcase classname="nopCom.AddProdcutPageTest" name="EnterTheQuantity" time="4.194"/>
  <system-out/>
  <testcase classname="nopCom.AddProdcutPageTest" name="SelectOsVistaHomeValidation" time="11.026"/>
  <system-out/>
  <testcase classname="nopCom.AddProdcutPageTest" name="SelectSofMicOfficeValidation" time="10.683"/>
  <system-out/>
  <testcase classname="nopCom.AddProdcutPageTest" name="SelectSofAcrobatReaderValidation" time="16.293"/>
  <system-out/>
  <testcase classname="nopCom.AddProdcutPageTest" name="SelectProce25GHzValidation" time="8.855"/>
  <system-out/>
  <testcase classname="nopCom.AddProdcutPageTest" name="SelectSofTotalComanderValidation" time="10.346"/>
  <system-out/>
  <testcase classname="nopCom.AddProdcutPageTest" name="SelectRam4GBValidation" time="9.044"/>
  <system-out/>
  <testcase classname="nopCom.AddProdcutPageTest" name="SelectRam8GBValidation" time="8.851"/>
  <system-out/>
  <testcase classname="nopCom.AddProdcutPageTest" name="SelectRam2GBValidation" time="8.822"/>
  <system-out/>
</testsuite> <!-- nopCom.AddProdcutPageTest -->
