<?xml version="1.0" encoding="UTF-8"?>
<!-- Generated by org.testng.reporters.JUnitReportReporter -->
<testsuite hostname="DESKTOP-B371L1B" failures="0" tests="16" name="nopCom.AddProcutPageTest" time="0.000" errors="0" timestamp="2024-01-13T18:37:40 IST" skipped="16">
  <testcase classname="nopCom.AddProcutPageTest" name="SelectProce22GHzValidation" time="0.000">
    <skipped/>
  </testcase> <!-- SelectProce22GHzValidation -->
  <system-out/>
  <testcase classname="nopCom.AddProcutPageTest" name="EnterTheQuantity" time="0.000">
    <skipped/>
  </testcase> <!-- EnterTheQuantity -->
  <system-out/>
  <testcase classname="nopCom.AddProcutPageTest" name="AddToWishListValidation" time="0.000">
    <skipped/>
  </testcase> <!-- AddToWishListValidation -->
  <system-out/>
  <testcase classname="nopCom.AddProcutPageTest" name="AddToCartValidation" time="0.000">
    <skipped/>
  </testcase> <!-- AddToCartValidation -->
  <system-out/>
  <testcase classname="nopCom.AddProcutPageTest" name="SelectOsPremiumHomeValidation" time="0.000">
    <skipped/>
  </testcase> <!-- SelectOsPremiumHomeValidation -->
  <system-out/>
  <testcase classname="nopCom.AddProcutPageTest" name="SelectSofMicOfficeValidation" time="0.000">
    <skipped/>
  </testcase> <!-- SelectSofMicOfficeValidation -->
  <system-out/>
  <testcase classname="nopCom.AddProcutPageTest" name="EmailBtnClickValidation" time="0.000">
    <skipped/>
  </testcase> <!-- EmailBtnClickValidation -->
  <system-out/>
  <testcase classname="nopCom.AddProcutPageTest" name="SelectProce25GHzValidation" time="0.000">
    <skipped/>
  </testcase> <!-- SelectProce25GHzValidation -->
  <system-out/>
  <testcase classname="nopCom.AddProcutPageTest" name="SelectHDD400GBValidation" time="0.000">
    <skipped/>
  </testcase> <!-- SelectHDD400GBValidation -->
  <system-out/>
  <testcase classname="nopCom.AddProcutPageTest" name="SelectRam2GBValidation" time="0.000">
    <skipped/>
  </testcase> <!-- SelectRam2GBValidation -->
  <system-out/>
  <testcase classname="nopCom.AddProcutPageTest" name="SelectOsVistaHomeValidation" time="0.000">
    <skipped/>
  </testcase> <!-- SelectOsVistaHomeValidation -->
  <system-out/>
  <testcase classname="nopCom.AddProcutPageTest" name="SelectRam4GBValidation" time="0.000">
    <skipped/>
  </testcase> <!-- SelectRam4GBValidation -->
  <system-out/>
  <testcase classname="nopCom.AddProcutPageTest" name="SelectRam8GBValidation" time="0.000">
    <skipped/>
  </testcase> <!-- SelectRam8GBValidation -->
  <system-out/>
  <testcase classname="nopCom.AddProcutPageTest" name="SelectSofTotalComanderValidation" time="0.000">
    <skipped/>
  </testcase> <!-- SelectSofTotalComanderValidation -->
  <system-out/>
  <testcase classname="nopCom.AddProcutPageTest" name="SelectHDD320GBValidation" time="0.000">
    <skipped/>
  </testcase> <!-- SelectHDD320GBValidation -->
  <system-out/>
  <testcase classname="nopCom.AddProcutPageTest" name="SelectSofAcrobatReaderValidation" time="0.000">
    <skipped/>
  </testcase> <!-- SelectSofAcrobatReaderValidation -->
  <system-out/>
</testsuite> <!-- nopCom.AddProcutPageTest -->
