<?xml version="1.0" encoding="UTF-8"?>
<!-- Generated by org.testng.reporters.JUnitReportReporter -->
<testsuite hostname="DESKTOP-B371L1B" failures="0" tests="1" name="DataBaseTesting.DataBaseTestingClass" time="1.642" errors="0" timestamp="2024-01-19T11:52:00 IST" skipped="0">
  <testcase classname="DataBaseTesting.DataBaseTestingClass" name="datatest" time="1.642"/>
  <system-out/>
</testsuite> <!-- DataBaseTesting.DataBaseTestingClass -->
