<?xml version="1.0" encoding="UTF-8"?>
<!-- Generated by org.testng.reporters.JUnitReportReporter -->
<testsuite hostname="DESKTOP-B371L1B" failures="0" tests="7" name="DataBaseTesting.DataCoparisionWithDataProvider" time="1.176" errors="0" timestamp="2024-01-10T19:17:12 IST" skipped="0">
  <testcase classname="DataBaseTesting.DataCoparisionWithDataProvider" name="datatest" time="0.061"/>
  <system-out/>
  <testcase classname="DataBaseTesting.DataCoparisionWithDataProvider" name="datatest" time="0.084"/>
  <system-out/>
  <testcase classname="DataBaseTesting.DataCoparisionWithDataProvider" name="datatest" time="0.063"/>
  <system-out/>
  <testcase classname="DataBaseTesting.DataCoparisionWithDataProvider" name="datatest" time="0.063"/>
  <system-out/>
  <testcase classname="DataBaseTesting.DataCoparisionWithDataProvider" name="datatest" time="0.774"/>
  <system-out/>
  <testcase classname="DataBaseTesting.DataCoparisionWithDataProvider" name="datatest" time="0.072"/>
  <system-out/>
  <testcase classname="DataBaseTesting.DataCoparisionWithDataProvider" name="datatest" time="0.059"/>
  <system-out/>
</testsuite> <!-- DataBaseTesting.DataCoparisionWithDataProvider -->
